2018-02-08 17:24:50	0001		jump	alive
2018-02-08 17:24:51	0002		jump	alive
2018-02-08 17:24:52	0003		jump	alive
2018-02-08 17:24:53	0004		jump	alive
2018-02-08 17:24:54	0005		jump	alive
2018-02-08 17:24:55	0006		jump	alive
2018-02-08 17:24:56	0007		jump	alive
2018-02-08 17:24:57	0008		jump	alive
2018-02-08 17:24:58	0009		jump	alive
2018-02-08 17:24:59	0010		jump	alive
2018-02-08 17:25:00	0011		jump	alive
2018-02-08 17:25:01	0012		jump	alive
2018-02-08 17:25:02	0013		jump	alive
2018-02-08 17:25:03	0014		jump	alive
2018-02-08 17:25:04	0015		jump	alive
2018-02-08 17:25:05	0016		jump	alive
2018-02-08 17:25:06	0017		jump	alive
2018-02-08 17:25:07	0018		bus	alive
2018-02-08 17:25:08	0019		bus	alive
2018-02-08 17:25:09	0020		bus	alive
2018-02-08 17:25:10	0021		bus	alive
2018-02-08 17:25:11	0022		bus	alive
2018-02-08 17:25:12	0023		bus	alive
2018-02-08 17:25:13	0024		jump	alive
2018-02-08 17:25:14	0025		jump	alive
2018-02-08 17:25:15	0026		jump	alive
2018-02-08 17:25:16	0027		jump	alive
2018-02-08 17:25:17	0028		jump	alive
2018-02-08 17:25:18	0029		jump	alive
2018-02-08 17:25:19	0030		bus	alive
2018-02-08 17:25:20	0031		bus	alive
2018-02-08 17:25:21	0032		bus	alive
2018-02-08 17:25:22	0033		bus	alive
2018-02-08 17:25:23	0034		bus	alive
2018-02-08 17:25:24	0035		bus	alive
2018-02-08 17:25:25	0036		bus	alive
2018-02-08 17:25:26	0037		bus	alive
2018-02-08 17:25:27	0038	98	bus	alive
2018-02-08 17:25:28	0039	98	bus	alive
2018-02-08 17:25:29	0040	98	bus	alive
2018-02-08 17:25:30	0041	98	bus	alive
2018-02-08 17:25:31	0042	98	bus	alive
2018-02-08 17:25:32	0043	98	bus	alive
2018-02-08 17:25:33	0044	98	bus	alive
2018-02-08 17:25:34	0045	98	bus	alive
2018-02-08 17:25:35	0046	98	bus	alive
2018-02-08 17:25:36	0047	98	bus	alive
2018-02-08 17:25:37	0048	98	bus	alive
2018-02-08 17:25:38	0049	98	bus	alive
2018-02-08 17:25:39	0050	98	bus	alive
2018-02-08 17:25:40	0051	98	bus	alive
2018-02-08 17:25:41	0052	98	bus	alive
2018-02-08 17:25:42	0053	98	bus	alive
2018-02-08 17:25:43	0054	98	bus	alive
2018-02-08 17:25:44	0055	98	bus	alive
2018-02-08 17:25:45	0056	98	bus	alive
2018-02-08 17:25:46	0057	98	bus	alive
2018-02-08 17:25:47	0058	98	bus	alive
2018-02-08 17:25:48	0059	98	bus	alive
2018-02-08 17:25:49	0060	98	bus	alive
2018-02-08 17:25:50	0061	98	bus	alive
2018-02-08 17:25:51	0062	98	bus	alive
2018-02-08 17:25:52	0063	98	jump	alive
2018-02-08 17:25:53	0064	98	jump	alive
2018-02-08 17:25:54	0065	98	jump	alive
2018-02-08 17:25:55	0066	98	jump	alive
2018-02-08 17:25:56	0067	98	jump	alive
2018-02-08 17:25:57	0068	98	jump	alive
2018-02-08 17:25:58	0069	97	jump	alive
2018-02-08 17:25:59	0070	97	jump	alive
2018-02-08 17:26:00	0071	97	jump	alive
2018-02-08 17:26:01	0072	97	jump	alive
2018-02-08 17:26:02	0073	97	jump	alive
2018-02-08 17:26:03	0074	97	jump	alive
2018-02-08 17:26:04	0075	97	jump	alive
2018-02-08 17:26:05	0076	97	jump	alive
2018-02-08 17:26:06	0077	97	jump	alive
2018-02-08 17:26:07	0078	97	jump	alive
2018-02-08 17:26:08	0079	97	jump	alive
2018-02-08 17:26:09	0080	97	jump	alive
2018-02-08 17:26:10	0081	97	jump	alive
2018-02-08 17:26:11	0082	97	jump	alive
2018-02-08 17:26:12	0083	97	jump	alive
2018-02-08 17:26:13	0084	97	jump	alive
2018-02-08 17:26:14	0085	97	jump	alive
2018-02-08 17:26:15	0086	97	jump	alive
2018-02-08 17:26:16	0087	97	jump	alive
2018-02-08 17:26:17	0088	97	jump	alive
2018-02-08 17:26:18	0089	97	jump	alive
2018-02-08 17:26:19	0090	97	jump	alive
2018-02-08 17:26:20	0091	97	jump	alive
2018-02-08 17:26:21	0092	97	jump	alive
2018-02-08 17:26:22	0093	97	jump	alive
2018-02-08 17:26:23	0094	97	jump	alive
2018-02-08 17:26:24	0095	97	jump	alive
2018-02-08 17:26:25	0096	97	jump	alive
2018-02-08 17:26:26	0097	97	jump	alive
2018-02-08 17:26:27	0098	97	jump	alive
2018-02-08 17:26:28	0099	97	storm	alive
2018-02-08 17:26:29	0100	97	storm	alive
2018-02-08 17:26:30	0101	97	storm	alive
2018-02-08 17:26:31	0102	97	storm	alive
2018-02-08 17:26:32	0103	97	storm	alive
2018-02-08 17:26:33	0104	97	storm	alive
2018-02-08 17:26:34	0105	97	storm	alive
2018-02-08 17:26:35	0106	97	storm	alive
2018-02-08 17:26:36	0107	97	storm	alive
2018-02-08 17:26:37	0108	96	storm	alive
2018-02-08 17:26:38	0109	95	storm	alive
2018-02-08 17:26:39	0110	95	storm	alive
2018-02-08 17:26:40	0111	95	storm	alive
2018-02-08 17:26:41	0112	95	storm	alive
2018-02-08 17:26:42	0113	95	storm	alive
2018-02-08 17:26:43	0114	94	storm	alive
2018-02-08 17:26:44	0115	94	storm	alive
2018-02-08 17:26:45	0116	94	storm	alive
2018-02-08 17:26:46	0117	94	storm	alive
2018-02-08 17:26:47	0118	94	storm	alive
2018-02-08 17:26:48	0119	94	storm	alive
2018-02-08 17:26:49	0120	94	storm	alive
2018-02-08 17:26:50	0121	92	storm	alive
2018-02-08 17:26:51	0122	92	storm	alive
2018-02-08 17:26:52	0123	91	storm	alive
2018-02-08 17:26:53	0124	91	storm	alive
2018-02-08 17:26:54	0125	91	storm	alive
2018-02-08 17:26:55	0126	91	storm	alive
2018-02-08 17:26:56	0127	91	storm	alive
2018-02-08 17:26:57	0128	91	storm	alive
2018-02-08 17:26:58	0129	91	storm	alive
2018-02-08 17:26:59	0130	90	storm	alive
2018-02-08 17:27:00	0131	90	storm	alive
2018-02-08 17:27:01	0132	90	storm	alive
2018-02-08 17:27:02	0133	90	storm	alive
2018-02-08 17:27:03	0134	90	storm	alive
2018-02-08 17:27:04	0135	89	storm	alive
2018-02-08 17:27:05	0136	89	storm	alive
2018-02-08 17:27:06	0137	89	storm	alive
2018-02-08 17:27:07	0138	89	storm	alive
2018-02-08 17:27:08	0139	89	storm	alive
2018-02-08 17:27:09	0140	89	storm	alive
2018-02-08 17:27:10	0141	89	storm	alive
2018-02-08 17:27:11	0142	89	storm	alive
2018-02-08 17:27:12	0143	87	storm	alive
2018-02-08 17:27:13	0144	87	storm	alive
2018-02-08 17:27:14	0145	87	storm	alive
2018-02-08 17:27:15	0146	86	storm	alive
2018-02-08 17:27:16	0147	86	storm	alive
2018-02-08 17:27:17	0148	85	storm	alive
2018-02-08 17:27:18	0149	85	storm	alive
2018-02-08 17:27:19	0150	85	storm	alive
2018-02-08 17:27:20	0151	85	storm	alive
2018-02-08 17:27:21	0152	84	storm	alive
2018-02-08 17:27:22	0153	83	storm	alive
2018-02-08 17:27:23	0154	83	storm	alive
2018-02-08 17:27:24	0155	83	storm	alive
2018-02-08 17:27:25	0156	82	storm	alive
2018-02-08 17:27:26	0157	82	storm	alive
2018-02-08 17:27:27	0158	81	storm	alive
2018-02-08 17:27:28	0159	81	storm	alive
2018-02-08 17:27:29	0160	81	storm	alive
2018-02-08 17:27:30	0161	81	storm	alive
2018-02-08 17:27:31	0162	80	storm	alive
2018-02-08 17:27:32	0163	79	storm	alive
2018-02-08 17:27:33	0164	79	storm	alive
2018-02-08 17:27:34	0165	79	storm	alive
2018-02-08 17:27:35	0166	79	storm	alive
2018-02-08 17:27:36	0167	78	storm	alive
2018-02-08 17:27:37	0168	78	storm	alive
2018-02-08 17:27:38	0169	78	storm	alive
2018-02-08 17:27:39	0170	77	storm	alive
2018-02-08 17:27:40	0171	76	storm	alive
2018-02-08 17:27:41	0172	76	storm	alive
2018-02-08 17:27:42	0173	76	storm	alive
2018-02-08 17:27:43	0174	76	storm	alive
2018-02-08 17:27:44	0175	75	storm	alive
2018-02-08 17:27:45	0176	75	storm	alive
2018-02-08 17:27:46	0177	74	storm	alive
2018-02-08 17:27:47	0178	73	storm	alive
2018-02-08 17:27:48	0179	73	storm	alive
2018-02-08 17:27:49	0180	73	storm	alive
2018-02-08 17:27:50	0181	73	storm	alive
2018-02-08 17:27:51	0182	73	storm	alive
2018-02-08 17:27:52	0183	73	storm	alive
2018-02-08 17:27:53	0184	73	storm	alive
2018-02-08 17:27:54	0185	73	storm	alive
2018-02-08 17:27:55	0186	73	storm	alive
2018-02-08 17:27:56	0187	72	storm	alive
2018-02-08 17:27:57	0188	71	storm	alive
2018-02-08 17:27:58	0189	70	storm	alive
2018-02-08 17:27:59	0190	70	storm	alive
2018-02-08 17:28:00	0191	70	storm	alive
2018-02-08 17:28:01	0192	70	storm	alive
2018-02-08 17:28:02	0193	70	storm	alive
2018-02-08 17:28:03	0194	70	storm	alive
2018-02-08 17:28:04	0195	70	storm	alive
2018-02-08 17:28:05	0196	70	storm	alive
2018-02-08 17:28:06	0197	67	storm	alive
2018-02-08 17:28:07	0198	67	storm	alive
2018-02-08 17:28:08	0199	67	storm	alive
2018-02-08 17:28:09	0200	67	storm	alive
2018-02-08 17:28:10	0201	67	storm	alive
2018-02-08 17:28:11	0202	65	storm	alive
2018-02-08 17:28:12	0203	65	storm	alive
2018-02-08 17:28:13	0204	65	storm	alive
2018-02-08 17:28:14	0205	65	storm	alive
2018-02-08 17:28:15	0206	64	storm	alive
2018-02-08 17:28:16	0207	64	storm	alive
2018-02-08 17:28:17	0208	64	storm	alive
2018-02-08 17:28:18	0209	64	storm	alive
2018-02-08 17:28:19	0210	64	storm	alive
2018-02-08 17:28:20	0211	64	storm	alive
2018-02-08 17:28:21	0212	63	storm	alive
2018-02-08 17:28:22	0213	63	storm	alive
2018-02-08 17:28:23	0214	62	storm	alive
2018-02-08 17:28:24	0215	62	storm	alive
2018-02-08 17:28:25	0216	62	storm	alive
2018-02-08 17:28:26	0217	62	storm	alive
2018-02-08 17:28:27	0218	61	storm	alive
2018-02-08 17:28:28	0219	61	storm	alive
2018-02-08 17:28:29	0220	61	storm	alive
2018-02-08 17:28:30	0221	61	storm	alive
2018-02-08 17:28:31	0222	60	storm	alive
2018-02-08 17:28:32	0223	60	storm	alive
2018-02-08 17:28:33	0224	59	storm	alive
2018-02-08 17:28:34	0225	59	storm	alive
2018-02-08 17:28:35	0226	59	storm	alive
2018-02-08 17:28:36	0227	59	storm	alive
2018-02-08 17:28:37	0228	59	storm	alive
2018-02-08 17:28:38	0229	58	storm	alive
2018-02-08 17:28:39	0230	57	storm	alive
2018-02-08 17:28:40	0231	57	storm	alive
2018-02-08 17:28:41	0232	56	storm	alive
2018-02-08 17:28:42	0233	55	storm	alive
2018-02-08 17:28:43	0234	55	storm	alive
2018-02-08 17:28:44	0235	55	storm	alive
2018-02-08 17:28:45	0236	55	storm	alive
2018-02-08 17:28:46	0237	55	storm	alive
2018-02-08 17:28:47	0238	54	storm	alive
2018-02-08 17:28:48	0239	54	storm	alive
2018-02-08 17:28:49	0240	54	storm	alive
2018-02-08 17:28:50	0241	54	storm	alive
2018-02-08 17:28:51	0242	54	storm	alive
2018-02-08 17:28:52	0243	54	storm	alive
2018-02-08 17:28:53	0244	54	storm	alive
2018-02-08 17:28:54	0245	54	storm	alive
2018-02-08 17:28:55	0246	53	storm	alive
2018-02-08 17:28:56	0247	53	storm	alive
2018-02-08 17:28:57	0248	53	storm	alive
2018-02-08 17:28:58	0249	53	storm	alive
2018-02-08 17:28:59	0250	53	storm	alive
2018-02-08 17:29:00	0251	53	storm	alive
2018-02-08 17:29:01	0252	52	storm	alive
2018-02-08 17:29:02	0253	52	storm	alive
2018-02-08 17:29:03	0254	51	storm	alive
2018-02-08 17:29:04	0255	51	storm	alive
2018-02-08 17:29:05	0256	50	storm	alive
2018-02-08 17:29:06	0257	50	storm	alive
2018-02-08 17:29:07	0258	50	storm	alive
2018-02-08 17:29:08	0259	50	storm	alive
2018-02-08 17:29:09	0260	50	storm	alive
2018-02-08 17:29:10	0261	50	storm	alive
2018-02-08 17:29:11	0262	50	storm	alive
2018-02-08 17:29:12	0263	49	storm	alive
2018-02-08 17:29:13	0264	49	storm	alive
2018-02-08 17:29:14	0265	49	storm	alive
2018-02-08 17:29:15	0266	49	storm	alive
2018-02-08 17:29:16	0267	47	storm	alive
2018-02-08 17:29:17	0268	46	storm	alive
2018-02-08 17:29:18	0269	45	storm	alive
2018-02-08 17:29:19	0270	45	storm	alive
2018-02-08 17:29:20	0271	45	storm	alive
2018-02-08 17:29:21	0272	45	storm	alive
2018-02-08 17:29:22	0273	45	storm	alive
2018-02-08 17:29:23	0274	45	storm	alive
2018-02-08 17:29:24	0275	45	storm	alive
2018-02-08 17:29:25	0276	45	storm	alive
2018-02-08 17:29:26	0277	45	storm	alive
2018-02-08 17:29:27	0278	44	storm	alive
2018-02-08 17:29:28	0279	44	storm	alive
2018-02-08 17:29:29	0280	43	storm	alive
2018-02-08 17:29:30	0281	43	storm	alive
2018-02-08 17:29:31	0282	43	storm	alive
2018-02-08 17:29:32	0283	42	storm	alive
2018-02-08 17:29:33	0284	42	storm	alive
2018-02-08 17:29:34	0285	42	storm	alive
2018-02-08 17:29:35	0286	42	storm	alive
2018-02-08 17:29:36	0287	42	storm	alive
2018-02-08 17:29:37	0288	42	storm	alive
2018-02-08 17:29:38	0289	42	storm	alive
2018-02-08 17:29:39	0290	42	storm	alive
2018-02-08 17:29:40	0291	42	storm	alive
2018-02-08 17:29:41	0292	42	storm	alive
2018-02-08 17:29:42	0293	42	storm	alive
2018-02-08 17:29:43	0294	42	storm	alive
2018-02-08 17:29:44	0295	42	storm	alive
2018-02-08 17:29:45	0296	42	storm	alive
2018-02-08 17:29:46	0297	42	storm	alive
2018-02-08 17:29:47	0298	42	storm	alive
2018-02-08 17:29:48	0299	42	storm	alive
2018-02-08 17:29:49	0300	42	storm	alive
2018-02-08 17:29:50	0301	42	storm	alive
2018-02-08 17:29:51	0302	42	storm	alive
2018-02-08 17:29:52	0303	42	storm	alive
2018-02-08 17:29:53	0304	42	storm	alive
2018-02-08 17:29:54	0305	42	storm	alive
2018-02-08 17:29:55	0306	42	storm	alive
2018-02-08 17:29:56	0307	42	storm	alive
2018-02-08 17:29:57	0308	42	storm	alive
2018-02-08 17:29:58	0309	42	storm	alive
2018-02-08 17:29:59	0310	42	storm	alive
2018-02-08 17:30:00	0311	42	storm	alive
2018-02-08 17:30:01	0312	42	storm	alive
2018-02-08 17:30:02	0313	42	storm	alive
2018-02-08 17:30:03	0314	42	storm	alive
2018-02-08 17:30:04	0315	41	storm	alive
2018-02-08 17:30:05	0316	41	storm	alive
2018-02-08 17:30:06	0317	41	storm	alive
2018-02-08 17:30:07	0318	41	storm	alive
2018-02-08 17:30:08	0319	41	storm	alive
2018-02-08 17:30:09	0320	41	storm	alive
2018-02-08 17:30:10	0321	41	storm	alive
2018-02-08 17:30:11	0322	41	storm	alive
2018-02-08 17:30:12	0323	41	storm	alive
2018-02-08 17:30:13	0324	40	storm	alive
2018-02-08 17:30:14	0325	40	storm	alive
2018-02-08 17:30:15	0326	40	storm	alive
2018-02-08 17:30:16	0327	40	storm	alive
2018-02-08 17:30:17	0328	39	storm	alive
2018-02-08 17:30:18	0329	39	storm	alive
2018-02-08 17:30:19	0330	39	storm	alive
2018-02-08 17:30:20	0331	39	storm	alive
2018-02-08 17:30:21	0332	39	storm	alive
2018-02-08 17:30:22	0333	39	storm	alive
2018-02-08 17:30:23	0334	39	storm	alive
2018-02-08 17:30:24	0335	39	storm	alive
2018-02-08 17:30:25	0336	39	storm	alive
2018-02-08 17:30:26	0337	39	storm	alive
2018-02-08 17:30:27	0338	39	storm	alive
2018-02-08 17:30:28	0339	39	storm	alive
2018-02-08 17:30:29	0340	39	storm	alive
2018-02-08 17:30:30	0341	39	storm	alive
2018-02-08 17:30:31	0342	39	storm	alive
2018-02-08 17:30:32	0343	39	storm	alive
2018-02-08 17:30:33	0344	39	storm	alive
2018-02-08 17:30:34	0345	39	storm	alive
2018-02-08 17:30:35	0346	39	storm	alive
2018-02-08 17:30:36	0347	39	storm	alive
2018-02-08 17:30:37	0348	39	storm	alive
2018-02-08 17:30:38	0349	39	storm	alive
2018-02-08 17:30:39	0350	39	storm	alive
2018-02-08 17:30:40	0351	39	storm	alive
2018-02-08 17:30:41	0352	39	storm	alive
2018-02-08 17:30:42	0353	39	storm	alive
2018-02-08 17:30:43	0354	39	storm	alive
2018-02-08 17:30:44	0355	39	storm	alive
2018-02-08 17:30:45	0356	39	storm	alive
2018-02-08 17:30:46	0357	39	storm	alive
2018-02-08 17:30:47	0358	39	storm	alive
2018-02-08 17:30:48	0359	39	move	alive
2018-02-08 17:30:49	0360	38	move	alive
2018-02-08 17:30:50	0361	38	move	alive
2018-02-08 17:30:51	0362	38	move	alive
2018-02-08 17:30:52	0363	38	move	alive
2018-02-08 17:30:53	0364	38	move	alive
2018-02-08 17:30:54	0365	38	move	alive
2018-02-08 17:30:55	0366	38	move	alive
2018-02-08 17:30:56	0367	38	move	alive
2018-02-08 17:30:57	0368	38	move	alive
2018-02-08 17:30:58	0369	38	move	alive
2018-02-08 17:30:59	0370	37	move	alive
2018-02-08 17:31:00	0371	37	move	alive
2018-02-08 17:31:01	0372	37	move	alive
2018-02-08 17:31:02	0373	37	move	alive
2018-02-08 17:31:03	0374	37	move	alive
2018-02-08 17:31:04	0375	37	storm	alive
2018-02-08 17:31:05	0376	37	move	alive
2018-02-08 17:31:06	0377	37	move	alive
2018-02-08 17:31:07	0378	37	move	alive
2018-02-08 17:31:08	0379	37	move	alive
2018-02-08 17:31:09	0380	37	move	alive
2018-02-08 17:31:10	0381	37	move	dead
2018-02-08 17:31:11	0382	36	move	dead
2018-02-08 17:31:12	0383	36	move	dead
2018-02-08 17:31:13	0384	36	move	dead
2018-02-08 17:31:14	0385	36	move	dead
2018-02-08 17:31:15	0386	36	move	dead
2018-02-08 17:31:16	0387	36	move	dead
2018-02-08 17:31:17	0388	34	move	dead
2018-02-08 17:31:18	0389	34	move	dead
2018-02-08 17:31:19	0390	34	move	dead
2018-02-08 17:31:20	0391	34	move	dead
2018-02-08 17:31:21	0392	34	move	dead
2018-02-08 17:31:22	0393	34	move	dead
2018-02-08 17:31:23	0394	34	move	dead
2018-02-08 17:31:24	0395	34	move	dead
2018-02-08 17:31:25	0396	34	move	dead
2018-02-08 17:31:26	0397	34	move	dead
2018-02-08 17:31:27	0398	34	move	dead
2018-02-08 17:31:28	0399	34	move	dead
2018-02-08 17:31:29	0400	34	move	dead
2018-02-08 17:31:30	0401	34	move	dead
2018-02-08 17:31:31	0402	34	move	dead
2018-02-08 17:31:32	0403	34	move	dead
2018-02-08 17:31:33	0404	34	move	dead
2018-02-08 17:31:34	0405	34	move	dead
2018-02-08 17:31:35	0406	34	move	dead
2018-02-08 17:31:36	0407	34	move	dead
2018-02-08 17:31:37	0408	34	move	dead
2018-02-08 17:31:38	0409	34	move	dead
2018-02-08 17:31:39	0410	34	storm	dead
2018-02-08 17:31:40	0411	34	move	dead
2018-02-08 17:31:41	0412	34	move	dead
2018-02-08 17:31:42	0413	34	move	dead
2018-02-08 17:31:43	0414	34	move	dead
2018-02-08 17:31:44	0415	34	move	dead
2018-02-08 17:31:45	0416	33	move	dead
2018-02-08 17:31:46	0417	33	move	dead
2018-02-08 17:31:47	0418	33	move	dead
2018-02-08 17:31:48	0419	33	move	dead
2018-02-08 17:31:49	0420	33	move	dead
2018-02-08 17:31:50	0421	33	move	dead
2018-02-08 17:31:51	0422	33	move	dead
2018-02-08 17:31:52	0423	33	move	dead
2018-02-08 17:31:53	0424	33	move	dead
2018-02-08 17:31:54	0425	33	move	dead
2018-02-08 17:31:55	0426	33	move	dead
2018-02-08 17:31:56	0427	33	move	dead
2018-02-08 17:31:57	0428	33	move	dead
2018-02-08 17:31:58	0429	33	move	dead
2018-02-08 17:31:59	0430	33	move	dead
2018-02-08 17:32:00	0431	33	move	dead
2018-02-08 17:32:01	0432	33	move	dead
2018-02-08 17:32:02	0433	33	move	dead
2018-02-08 17:32:03	0434	33	move	dead
2018-02-08 17:32:04	0435	33	move	dead
2018-02-08 17:32:05	0436	33	move	dead
2018-02-08 17:32:06	0437	33	move	dead
2018-02-08 17:32:07	0438	33	move	dead
2018-02-08 17:32:08	0439	33	move	dead
2018-02-08 17:32:09	0440	33	move	dead
2018-02-08 17:32:10	0441	33	move	dead
2018-02-08 17:32:11	0442	33	move	dead
2018-02-08 17:32:12	0443	33	move	dead
2018-02-08 17:32:13	0444	33	move	dead
2018-02-08 17:32:14	0445	33	move	dead
2018-02-08 17:32:15	0446	33	move	dead
2018-02-08 17:32:16	0447	33	move	dead
2018-02-08 17:32:17	0448	33	move	dead
2018-02-08 17:32:18	0449	33	move	dead
2018-02-08 17:32:19	0450	33	move	dead
2018-02-08 17:32:20	0451	33	move	dead
2018-02-08 17:32:21	0452	33	move	dead
2018-02-08 17:32:22	0453	33	move	dead
2018-02-08 17:32:23	0454	33	move	dead
2018-02-08 17:32:24	0455	33	move	dead
2018-02-08 17:32:25	0456	33	move	dead
2018-02-08 17:32:26	0457	33	move	dead
2018-02-08 17:32:27	0458	33	move	dead
2018-02-08 17:32:28	0459	33	move	dead
2018-02-08 17:32:29	0460	33	move	dead
2018-02-08 17:32:30	0461	32	move	dead
2018-02-08 17:32:31	0462	31	move	dead
2018-02-08 17:32:32	0463	31	move	dead
2018-02-08 17:32:33	0464	31	move	dead
2018-02-08 17:32:34	0465	31	move	dead
2018-02-08 17:32:35	0466	31	move	dead
2018-02-08 17:32:36	0467	31	move	dead
2018-02-08 17:32:37	0468	31	move	dead
2018-02-08 17:32:38	0469	31	move	dead
2018-02-08 17:32:39	0470	31	move	dead
2018-02-08 17:32:40	0471	30	move	dead
2018-02-08 17:32:41	0472	30	move	dead
2018-02-08 17:32:42	0473	30	move	dead
2018-02-08 17:32:43	0474	30	move	dead
2018-02-08 17:32:44	0475	29	move	dead
2018-02-08 17:32:45	0476	29	move	dead
2018-02-08 17:32:46	0477	29	move	dead
2018-02-08 17:32:47	0478	28	move	dead
2018-02-08 17:32:48	0479	28	move	dead
2018-02-08 17:32:49	0480		move	dead
2018-02-08 17:32:50	0481	28	move	dead
2018-02-08 17:32:51	0482	28	move	dead
2018-02-08 17:32:52	0483	28	move	dead
2018-02-08 17:32:53	0484	28	move	dead
2018-02-08 17:32:54	0485	27	move	dead
2018-02-08 17:32:55	0486	27	move	dead
2018-02-08 17:32:56	0487	27	move	dead
2018-02-08 17:32:57	0488	27	move	dead
2018-02-08 17:32:58	0489	27	move	dead
2018-02-08 17:32:59	0490	27	move	dead
2018-02-08 17:33:00	0491	27	move	dead
2018-02-08 17:33:01	0492	27	move	dead
2018-02-08 17:33:02	0493	27	move	dead
2018-02-08 17:33:03	0494	27	move	dead
2018-02-08 17:33:04	0495	27	move	dead
2018-02-08 17:33:05	0496	27	move	dead
2018-02-08 17:33:06	0497	27	move	dead
2018-02-08 17:33:07	0498	27	move	dead
2018-02-08 17:33:08	0499	27	move	dead
2018-02-08 17:33:09	0500	27	move	dead
2018-02-08 17:33:10	0501	27	move	dead
2018-02-08 17:33:11	0502	27	move	dead
2018-02-08 17:33:12	0503	27	move	dead
2018-02-08 17:33:13	0504	27	move	dead
2018-02-08 17:33:14	0505	27	move	dead
2018-02-08 17:33:15	0506	27	move	dead
2018-02-08 17:33:16	0507	27	move	dead
2018-02-08 17:33:17	0508	27	move	dead
2018-02-08 17:33:18	0509	27	move	dead
2018-02-08 17:33:19	0510	27	move	dead
2018-02-08 17:33:20	0511	27	move	dead
2018-02-08 17:33:21	0512	27	move	dead
2018-02-08 17:33:22	0513	27	move	dead
2018-02-08 17:33:23	0514	26	move	dead
2018-02-08 17:33:24	0515	26	move	dead
2018-02-08 17:33:25	0516	26	move	dead
2018-02-08 17:33:26	0517	26	move	dead
2018-02-08 17:33:27	0518		jump	dead
2018-02-08 17:33:28	0519		jump	dead
2018-02-08 17:33:29	0520		jump	dead
2018-02-08 17:33:30	0521		jump	dead
2018-02-08 17:33:31	0522		jump	dead
2018-02-08 17:33:32	0523		jump	dead
2018-02-08 17:33:33	0524		jump	dead
2018-02-08 17:33:34	0525		jump	dead
2018-02-08 17:33:35	0526		jump	dead
2018-02-08 17:33:36	0527		jump	dead
2018-02-08 17:33:37	0528		jump	dead
2018-02-08 17:33:38	0529		jump	dead
2018-02-08 17:33:39	0530		jump	dead
2018-02-08 17:33:40	0531		jump	dead
2018-02-08 17:33:41	0532		jump	dead
2018-02-08 17:33:42	0533		jump	dead
2018-02-08 17:33:43	0534		jump	dead
2018-02-08 17:33:44	0535		jump	dead
2018-02-08 17:33:45	0536		jump	dead
2018-02-08 17:33:46	0537	25	move	dead
2018-02-08 17:33:47	0538	25	move	dead
2018-02-08 17:33:48	0539		jump	dead
2018-02-08 17:33:49	0540		jump	dead
2018-02-08 17:33:50	0541		bus	dead
2018-02-08 17:33:51	0542		bus	dead
2018-02-08 17:33:52	0543		bus	dead
2018-02-08 17:33:53	0544		jump	dead
2018-02-08 17:33:54	0545		bus	dead
2018-02-08 17:33:55	0546		bus	dead
2018-02-08 17:33:56	0547	23	storm	dead
2018-02-08 17:33:57	0548	23	storm	dead
2018-02-08 17:33:58	0549	23	storm	dead
2018-02-08 17:33:59	0550	23	storm	dead
2018-02-08 17:34:00	0551	23	storm	dead
2018-02-08 17:34:01	0552		storm	dead
2018-02-08 17:34:02	0553	23	storm	dead
2018-02-08 17:34:03	0554		storm	dead
2018-02-08 17:34:04	0555	23	storm	dead
2018-02-08 17:34:05	0556	23	storm	dead
2018-02-08 17:34:06	0557	23	storm	dead
2018-02-08 17:34:07	0558	23	storm	dead
2018-02-08 17:34:08	0559		storm	dead
2018-02-08 17:34:09	0560	22	storm	dead
2018-02-08 17:34:10	0561	22	storm	dead
2018-02-08 17:34:11	0562	22	storm	dead
2018-02-08 17:34:12	0563	22	storm	dead
2018-02-08 17:34:13	0564	22	storm	dead
2018-02-08 17:34:14	0565	21	storm	dead
2018-02-08 17:34:15	0566	21	storm	dead
2018-02-08 17:34:16	0567	21	storm	dead
2018-02-08 17:34:17	0568		storm	dead
2018-02-08 17:34:18	0569	21	storm	dead
2018-02-08 17:34:19	0570		storm	dead
2018-02-08 17:34:20	0571		storm	dead
2018-02-08 17:34:21	0572	21	storm	dead
2018-02-08 17:34:22	0573		storm	dead
2018-02-08 17:34:23	0574	21	storm	dead
2018-02-08 17:34:24	0575		storm	dead
2018-02-08 17:34:25	0576	21	storm	dead
2018-02-08 17:34:26	0577	21	storm	dead
2018-02-08 17:34:27	0578	21	storm	dead
2018-02-08 17:34:28	0579	21	storm	dead
2018-02-08 17:34:29	0580	21	storm	dead
2018-02-08 17:34:30	0581	21	storm	dead
2018-02-08 17:34:31	0582	21	storm	dead
2018-02-08 17:34:32	0583	21	storm	dead
2018-02-08 17:34:33	0584	21	storm	dead
2018-02-08 17:34:34	0585	21	storm	dead
2018-02-08 17:34:35	0586	21	storm	dead
2018-02-08 17:34:36	0587	21	storm	dead
2018-02-08 17:34:37	0588	21	storm	dead
2018-02-08 17:34:38	0589	21	storm	dead
2018-02-08 17:34:39	0590	21	storm	dead
2018-02-08 17:34:40	0591	21	storm	dead
2018-02-08 17:34:41	0592	21	storm	dead
2018-02-08 17:34:42	0593	21	storm	dead
2018-02-08 17:34:43	0594	21	storm	dead
2018-02-08 17:34:44	0595	21	storm	dead
2018-02-08 17:34:45	0596	21	storm	dead
2018-02-08 17:34:46	0597	21	storm	dead
2018-02-08 17:34:47	0598	21	storm	dead
2018-02-08 17:34:48	0599	21	storm	dead
2018-02-08 17:34:49	0600	21	storm	dead
2018-02-08 17:34:50	0601	21	storm	dead
2018-02-08 17:34:51	0602	21	storm	dead
2018-02-08 17:34:52	0603	21	storm	dead
2018-02-08 17:34:53	0604	21	storm	dead
2018-02-08 17:34:54	0605	21	storm	dead
2018-02-08 17:34:55	0606	21	storm	dead
2018-02-08 17:34:56	0607	21	storm	dead
2018-02-08 17:34:57	0608	21	storm	dead
2018-02-08 17:34:58	0609		storm	dead
2018-02-08 17:34:59	0610		storm	dead
2018-02-08 17:35:00	0611	21	storm	dead
2018-02-08 17:35:01	0612	21	storm	dead
2018-02-08 17:35:02	0613	21	storm	dead
2018-02-08 17:35:03	0614	21	storm	dead
2018-02-08 17:35:04	0615	21	storm	dead
2018-02-08 17:35:05	0616	21	storm	dead
2018-02-08 17:35:06	0617	21	storm	dead
2018-02-08 17:35:07	0618	21	storm	dead
2018-02-08 17:35:08	0619	21	storm	dead
2018-02-08 17:35:09	0620	21	storm	dead
2018-02-08 17:35:10	0621	21	storm	dead
2018-02-08 17:35:11	0622	21	storm	dead
2018-02-08 17:35:12	0623	21	storm	dead
2018-02-08 17:35:13	0624	21	storm	dead
2018-02-08 17:35:14	0625		storm	dead
2018-02-08 17:35:15	0626	21	storm	dead
2018-02-08 17:35:16	0627	21	storm	dead
2018-02-08 17:35:17	0628	20	storm	dead
2018-02-08 17:35:18	0629	20	storm	dead
2018-02-08 17:35:19	0630	20	storm	dead
2018-02-08 17:35:20	0631	20	storm	dead
2018-02-08 17:35:21	0632	20	storm	dead
2018-02-08 17:35:22	0633	20	storm	dead
2018-02-08 17:35:23	0634	20	storm	dead
2018-02-08 17:35:24	0635	20	storm	dead
2018-02-08 17:35:25	0636	20	storm	dead
2018-02-08 17:35:26	0637	20	storm	dead
2018-02-08 17:35:27	0638	20	storm	dead
2018-02-08 17:35:28	0639	20	storm	dead
2018-02-08 17:35:29	0640	20	storm	dead
2018-02-08 17:35:30	0641	19	storm	dead
2018-02-08 17:35:31	0642	19	storm	dead
2018-02-08 17:35:32	0643	19	storm	dead
2018-02-08 17:35:33	0644	19	storm	dead
2018-02-08 17:35:34	0645	18	storm	dead
2018-02-08 17:35:35	0646	18	storm	dead
2018-02-08 17:35:36	0647	18	storm	dead
2018-02-08 17:35:37	0648	18	storm	dead
2018-02-08 17:35:38	0649	18	storm	dead
2018-02-08 17:35:39	0650	18	storm	dead
2018-02-08 17:35:40	0651	18	storm	dead
2018-02-08 17:35:41	0652	18	storm	dead
2018-02-08 17:35:42	0653	18	storm	dead
2018-02-08 17:35:43	0654	18	storm	dead
2018-02-08 17:35:44	0655	18	storm	dead
2018-02-08 17:35:45	0656	18	storm	dead
2018-02-08 17:35:46	0657	18	storm	dead
2018-02-08 17:35:47	0658	18	storm	dead
2018-02-08 17:35:48	0659	18	storm	dead
2018-02-08 17:35:49	0660	18	storm	dead
2018-02-08 17:35:50	0661	18	storm	dead
2018-02-08 17:35:51	0662	18	storm	dead
2018-02-08 17:35:52	0663	18	storm	dead
2018-02-08 17:35:53	0664	18	storm	dead
2018-02-08 17:35:54	0665	18	storm	dead
2018-02-08 17:35:55	0666	18	storm	dead
2018-02-08 17:35:56	0667	18	storm	dead
2018-02-08 17:35:57	0668	18	storm	dead
2018-02-08 17:35:58	0669	18	storm	dead
2018-02-08 17:35:59	0670	18	storm	dead
2018-02-08 17:36:00	0671	18	storm	dead
2018-02-08 17:36:01	0672	18	storm	dead
2018-02-08 17:36:02	0673	18	storm	dead
2018-02-08 17:36:03	0674	18	storm	dead
2018-02-08 17:36:04	0675	18	storm	dead
2018-02-08 17:36:05	0676	18	storm	dead
2018-02-08 17:36:06	0677	18	storm	dead
2018-02-08 17:36:07	0678	17	storm	dead
2018-02-08 17:36:08	0679	17	storm	dead
2018-02-08 17:36:09	0680	17	storm	dead
2018-02-08 17:36:10	0681	17	storm	dead
2018-02-08 17:36:11	0682	17	storm	dead
2018-02-08 17:36:12	0683	17	storm	dead
2018-02-08 17:36:13	0684	17	storm	dead
2018-02-08 17:36:14	0685	17	storm	dead
2018-02-08 17:36:15	0686	16	storm	dead
2018-02-08 17:36:16	0687	16	storm	dead
2018-02-08 17:36:17	0688	16	storm	dead
2018-02-08 17:36:18	0689	16	storm	dead
2018-02-08 17:36:19	0690	16	bus	dead
2018-02-08 17:36:20	0691	16	move	dead
2018-02-08 17:36:21	0692	16	storm	dead
2018-02-08 17:36:22	0693	16	move	dead
2018-02-08 17:36:23	0694	16	move	dead
2018-02-08 17:36:24	0695	16	move	dead
2018-02-08 17:36:25	0696	16	move	dead
2018-02-08 17:36:26	0697	16	move	dead
2018-02-08 17:36:27	0698	16	move	dead
2018-02-08 17:36:28	0699	16	move	dead
2018-02-08 17:36:29	0700	16	move	dead
2018-02-08 17:36:30	0701	16	move	dead
2018-02-08 17:36:31	0702	16	move	dead
2018-02-08 17:36:32	0703	16	move	dead
2018-02-08 17:36:33	0704	16	move	dead
2018-02-08 17:36:34	0705	16	move	dead
2018-02-08 17:36:35	0706	15	move	dead
2018-02-08 17:36:36	0707	15	move	dead
2018-02-08 17:36:37	0708	15	move	dead
2018-02-08 17:36:38	0709	15	move	dead
2018-02-08 17:36:39	0710	15	storm	dead
2018-02-08 17:36:40	0711	15	storm	dead
2018-02-08 17:36:41	0712	14	storm	dead
2018-02-08 17:36:42	0713	14	storm	dead
2018-02-08 17:36:43	0714	14	storm	dead
2018-02-08 17:36:44	0715	14	storm	dead
2018-02-08 17:36:45	0716	14	move	dead
2018-02-08 17:36:46	0717	14	move	dead
2018-02-08 17:36:47	0718	14	move	dead
2018-02-08 17:36:48	0719	14	move	dead
2018-02-08 17:36:49	0720	14	move	dead
2018-02-08 17:36:50	0721	14	move	dead
2018-02-08 17:36:51	0722	14	storm	dead
2018-02-08 17:36:52	0723	14	move	dead
2018-02-08 17:36:53	0724	14	move	dead
2018-02-08 17:36:54	0725	14	move	dead
2018-02-08 17:36:55	0726	14	move	dead
2018-02-08 17:36:56	0727	14	move	dead
2018-02-08 17:36:57	0728	14	move	dead
2018-02-08 17:36:58	0729	14	move	dead
2018-02-08 17:36:59	0730	14	move	dead
2018-02-08 17:37:00	0731	14	move	dead
2018-02-08 17:37:01	0732	14	move	dead
2018-02-08 17:37:02	0733	14	move	dead
2018-02-08 17:37:03	0734	14	move	dead
2018-02-08 17:37:04	0735	13	move	dead
2018-02-08 17:37:05	0736	13	move	dead
2018-02-08 17:37:06	0737	13	move	dead
2018-02-08 17:37:07	0738	13	move	dead
2018-02-08 17:37:08	0739	13	move	dead
2018-02-08 17:37:09	0740	13	move	dead
2018-02-08 17:37:10	0741	13	move	dead
2018-02-08 17:37:11	0742	13	move	dead
2018-02-08 17:37:12	0743	13	move	dead
2018-02-08 17:37:13	0744	13	move	dead
2018-02-08 17:37:14	0745	13	move	dead
2018-02-08 17:37:15	0746	13	move	dead
2018-02-08 17:37:16	0747	13	move	dead
2018-02-08 17:37:17	0748	13	move	dead
2018-02-08 17:37:18	0749	13	move	dead
2018-02-08 17:37:19	0750	13	move	dead
2018-02-08 17:37:20	0751	13	move	dead
2018-02-08 17:37:21	0752	13	move	dead
2018-02-08 17:37:22	0753	13	move	dead
2018-02-08 17:37:23	0754	13	move	dead
2018-02-08 17:37:24	0755	13	move	dead
2018-02-08 17:37:25	0756	13	move	dead
2018-02-08 17:37:26	0757	13	move	dead
2018-02-08 17:37:27	0758	13	move	dead
2018-02-08 17:37:28	0759	13	move	dead
2018-02-08 17:37:29	0760	13	move	dead
2018-02-08 17:37:30	0761	13	move	dead
2018-02-08 17:37:31	0762	13	move	dead
2018-02-08 17:37:32	0763	13	move	dead
2018-02-08 17:37:33	0764	13	move	dead
2018-02-08 17:37:34	0765	13	move	dead
2018-02-08 17:37:35	0766	13	move	dead
2018-02-08 17:37:36	0767	13	move	dead
2018-02-08 17:37:37	0768	13	move	dead
2018-02-08 17:37:38	0769	13	move	dead
2018-02-08 17:37:39	0770	13	move	dead
2018-02-08 17:37:40	0771	13	move	dead
2018-02-08 17:37:41	0772	13	move	dead
2018-02-08 17:37:42	0773	13	move	dead
2018-02-08 17:37:43	0774	13	move	dead
2018-02-08 17:37:44	0775	13	move	dead
2018-02-08 17:37:45	0776	13	move	dead
2018-02-08 17:37:46	0777	13	move	dead
2018-02-08 17:37:47	0778	13	move	dead
2018-02-08 17:37:48	0779	13	storm	dead
2018-02-08 17:37:49	0780	13	storm	dead
2018-02-08 17:37:50	0781	13	storm	dead
2018-02-08 17:37:51	0782	13	storm	dead
2018-02-08 17:37:52	0783	13	storm	dead
2018-02-08 17:37:53	0784	13	storm	dead
2018-02-08 17:37:54	0785	13	storm	dead
2018-02-08 17:37:55	0786	13	storm	dead
2018-02-08 17:37:56	0787	13	storm	dead
2018-02-08 17:37:57	0788	13	storm	dead
2018-02-08 17:37:58	0789	13	storm	dead
2018-02-08 17:37:59	0790	13	storm	dead
2018-02-08 17:38:00	0791	13	storm	dead
2018-02-08 17:38:01	0792	13	storm	dead
2018-02-08 17:38:02	0793	13	storm	dead
2018-02-08 17:38:03	0794	13	storm	dead
2018-02-08 17:38:04	0795	13	storm	dead
2018-02-08 17:38:05	0796	13	storm	dead
2018-02-08 17:38:06	0797	13	storm	dead
2018-02-08 17:38:07	0798	13	storm	dead
2018-02-08 17:38:08	0799	12	storm	dead
2018-02-08 17:38:09	0800	12	storm	dead
2018-02-08 17:38:10	0801	12	storm	dead
2018-02-08 17:38:11	0802	12	storm	dead
2018-02-08 17:38:12	0803	12	storm	dead
2018-02-08 17:38:13	0804	12	storm	dead
2018-02-08 17:38:14	0805	12	storm	dead
2018-02-08 17:38:15	0806	12	storm	dead
2018-02-08 17:38:16	0807	12	storm	dead
2018-02-08 17:38:17	0808	12	storm	dead
2018-02-08 17:38:18	0809	12	storm	dead
2018-02-08 17:38:19	0810	12	storm	dead
2018-02-08 17:38:20	0811	11	storm	dead
2018-02-08 17:38:21	0812	11	storm	dead
2018-02-08 17:38:22	0813	11	storm	dead
2018-02-08 17:38:23	0814	11	storm	dead
2018-02-08 17:38:24	0815	11	storm	dead
2018-02-08 17:38:25	0816	11	storm	dead
2018-02-08 17:38:26	0817	11	storm	dead
2018-02-08 17:38:27	0818	11	storm	dead
2018-02-08 17:38:28	0819	11	storm	dead
2018-02-08 17:38:29	0820	11	storm	dead
2018-02-08 17:38:30	0821	11	storm	dead
2018-02-08 17:38:31	0822	11	storm	dead
2018-02-08 17:38:32	0823	11	storm	dead
2018-02-08 17:38:33	0824	11	storm	dead
2018-02-08 17:38:34	0825	11	storm	dead
2018-02-08 17:38:35	0826	11	storm	dead
2018-02-08 17:38:36	0827	11	storm	dead
2018-02-08 17:38:37	0828	11	storm	dead
2018-02-08 17:38:38	0829	11	storm	dead
2018-02-08 17:38:39	0830	11	storm	dead
2018-02-08 17:38:40	0831	11	storm	dead
2018-02-08 17:38:41	0832	11	storm	dead
2018-02-08 17:38:42	0833	10	storm	dead
2018-02-08 17:38:43	0834	10	storm	dead
2018-02-08 17:38:44	0835	10	storm	dead
2018-02-08 17:38:45	0836		storm	dead
2018-02-08 17:38:46	0837		storm	dead
2018-02-08 17:38:47	0838		storm	dead
2018-02-08 17:38:48	0839	9	storm	dead
2018-02-08 17:38:49	0840	8	storm	dead
2018-02-08 17:38:50	0841	8	move	dead
2018-02-08 17:38:51	0842	8	storm	dead
2018-02-08 17:38:52	0843	7	move	dead
2018-02-08 17:38:53	0844	7	move	dead
2018-02-08 17:38:54	0845	7	move	dead
2018-02-08 17:38:55	0846	7	move	dead
2018-02-08 17:38:56	0847	7	move	dead
2018-02-08 17:38:57	0848	7	storm	dead
2018-02-08 17:38:58	0849	7	storm	dead
2018-02-08 17:38:59	0850	7	move	dead
2018-02-08 17:39:00	0851	7	storm	dead
2018-02-08 17:39:01	0852	7	storm	dead
2018-02-08 17:39:02	0853	7	move	dead
2018-02-08 17:39:03	0854	7	move	dead
2018-02-08 17:39:04	0855	7	move	dead
2018-02-08 17:39:05	0856	7	move	dead
2018-02-08 17:39:06	0857	7	storm	dead
2018-02-08 17:39:07	0858	7	storm	dead
2018-02-08 17:39:08	0859	7	storm	dead
2018-02-08 17:39:09	0860	7	storm	dead
2018-02-08 17:39:10	0861	7	storm	dead
2018-02-08 17:39:11	0862	7	move	dead
2018-02-08 17:39:12	0863	7	storm	dead
2018-02-08 17:39:13	0864	7	storm	dead
2018-02-08 17:39:14	0865	7	move	dead
2018-02-08 17:39:15	0866	7	storm	dead
2018-02-08 17:39:16	0867	7	move	dead
2018-02-08 17:39:17	0868	7	move	dead
2018-02-08 17:39:18	0869	7	storm	dead
2018-02-08 17:39:19	0870	7	storm	dead
2018-02-08 17:39:20	0871	7	move	dead
2018-02-08 17:39:21	0872	7	storm	dead
2018-02-08 17:39:22	0873	7	storm	dead
2018-02-08 17:39:23	0874	7	move	dead
2018-02-08 17:39:24	0875	7	move	dead
2018-02-08 17:39:25	0876	7	move	dead
2018-02-08 17:39:26	0877	7	move	dead
2018-02-08 17:39:27	0878	7	move	dead
2018-02-08 17:39:28	0879	7	bus	dead
2018-02-08 17:39:29	0880	7	storm	dead
2018-02-08 17:39:30	0881	7	move	dead
2018-02-08 17:39:31	0882	7	storm	dead
2018-02-08 17:39:32	0883	7	move	dead
2018-02-08 17:39:33	0884	7	storm	dead
2018-02-08 17:39:34	0885	7	storm	dead
2018-02-08 17:39:35	0886	7	move	dead
2018-02-08 17:39:36	0887	7	storm	dead
2018-02-08 17:39:37	0888	7	move	dead
2018-02-08 17:39:38	0889	7	move	dead
2018-02-08 17:39:39	0890	7	move	dead
2018-02-08 17:39:40	0891	7	move	dead
2018-02-08 17:39:41	0892	7	move	dead
2018-02-08 17:39:42	0893	7	move	dead
2018-02-08 17:39:43	0894	7	storm	dead
2018-02-08 17:39:44	0895	7	storm	dead
2018-02-08 17:39:45	0896	7	move	dead
2018-02-08 17:39:46	0897	7	move	dead
2018-02-08 17:39:47	0898	7	storm	dead
2018-02-08 17:39:48	0899	7	move	dead
2018-02-08 17:39:49	0900	7	move	dead
2018-02-08 17:39:50	0901	7	move	dead
2018-02-08 17:39:51	0902	7	move	dead
2018-02-08 17:39:52	0903	7	move	dead
2018-02-08 17:39:53	0904	7	move	dead
2018-02-08 17:39:54	0905	7	move	dead
2018-02-08 17:39:55	0906	7	move	dead
2018-02-08 17:39:56	0907	7	move	dead
2018-02-08 17:39:57	0908	7	move	dead
2018-02-08 17:39:58	0909	7	move	dead
2018-02-08 17:39:59	0910	7	move	dead
2018-02-08 17:40:00	0911	7	move	dead
2018-02-08 17:40:01	0912	7	move	dead
2018-02-08 17:40:02	0913	7	move	dead
2018-02-08 17:40:03	0914	7	move	dead
2018-02-08 17:40:04	0915	7	move	dead
2018-02-08 17:40:05	0916	7	move	dead
2018-02-08 17:40:06	0917	7	move	dead
2018-02-08 17:40:07	0918	7	move	dead
2018-02-08 17:40:08	0919	7	move	dead
2018-02-08 17:40:09	0920	7	move	dead
2018-02-08 17:40:10	0921	7	move	dead
2018-02-08 17:40:11	0922	7	move	dead
2018-02-08 17:40:12	0923	7	move	dead
2018-02-08 17:40:13	0924	7	move	dead
2018-02-08 17:40:14	0925	7	bus	dead
2018-02-08 17:40:15	0926	7	move	dead
2018-02-08 17:40:16	0927	7	move	dead
2018-02-08 17:40:17	0928	7	move	dead
2018-02-08 17:40:18	0929	7	move	dead
2018-02-08 17:40:19	0930	7	move	dead
2018-02-08 17:40:20	0931	7	move	dead
2018-02-08 17:40:21	0932	7	move	dead
2018-02-08 17:40:22	0933	7	bus	dead
2018-02-08 17:40:23	0934	7	move	dead
2018-02-08 17:40:24	0935	7	move	dead
2018-02-08 17:40:25	0936	7	move	dead
2018-02-08 17:40:26	0937	7	move	dead
2018-02-08 17:40:27	0938	7	move	dead
2018-02-08 17:40:28	0939	7	move	dead
2018-02-08 17:40:29	0940	7	move	dead
2018-02-08 17:40:30	0941	7	move	dead
2018-02-08 17:40:31	0942	7	move	dead
2018-02-08 17:40:32	0943	7	move	dead
2018-02-08 17:40:33	0944	7	move	dead
2018-02-08 17:40:34	0945	7	move	dead
2018-02-08 17:40:35	0946	7	move	dead
2018-02-08 17:40:36	0947	7	move	dead
2018-02-08 17:40:37	0948	7	move	dead
2018-02-08 17:40:38	0949	7	move	dead
2018-02-08 17:40:39	0950	7	move	dead
2018-02-08 17:40:40	0951	7	move	dead
2018-02-08 17:40:41	0952	7	move	dead
2018-02-08 17:40:42	0953	7	move	dead
2018-02-08 17:40:43	0954	7	move	dead
2018-02-08 17:40:44	0955	7	move	dead
2018-02-08 17:40:45	0956	7	move	dead
2018-02-08 17:40:46	0957	7	move	dead
2018-02-08 17:40:47	0958	7	move	dead
2018-02-08 17:40:48	0959	7	move	dead
2018-02-08 17:40:49	0960	7	move	dead
2018-02-08 17:40:50	0961	7	move	dead
2018-02-08 17:40:51	0962	7	storm	dead
2018-02-08 17:40:52	0963	7	move	dead
2018-02-08 17:40:53	0964	7	move	dead
2018-02-08 17:40:54	0965	7	move	dead
2018-02-08 17:40:55	0966	7	move	dead
2018-02-08 17:40:56	0967	7	move	dead
2018-02-08 17:40:57	0968	7	move	dead
2018-02-08 17:40:58	0969	7	move	dead
2018-02-08 17:40:59	0970	7	move	dead
2018-02-08 17:41:00	0971	7	move	dead
2018-02-08 17:41:01	0972	7	move	dead
2018-02-08 17:41:02	0973	7	move	dead
2018-02-08 17:41:03	0974	7	move	dead
2018-02-08 17:41:04	0975	7	move	dead
2018-02-08 17:41:05	0976	7	move	dead
2018-02-08 17:41:06	0977	7	move	dead
2018-02-08 17:41:07	0978	7	move	dead
2018-02-08 17:41:08	0979	7	move	dead
2018-02-08 17:41:09	0980	7	move	dead
2018-02-08 17:41:10	0981		move	dead
2018-02-08 17:41:11	0982	5	move	dead
2018-02-08 17:41:12	0983	5	move	dead
2018-02-08 17:41:13	0984	5	move	dead
2018-02-08 17:41:14	0985	5	move	dead
2018-02-08 17:41:15	0986	5	move	dead
2018-02-08 17:41:16	0987	5	move	dead
2018-02-08 17:41:17	0988	5	move	dead
2018-02-08 17:41:18	0989	5	move	dead
2018-02-08 17:41:19	0990	5	move	dead
2018-02-08 17:41:20	0991	5	move	dead
2018-02-08 17:41:21	0992	5	storm	dead
2018-02-08 17:41:22	0993	5	storm	dead
2018-02-08 17:41:23	0994	5	bus	dead
2018-02-08 17:41:24	0995	5	move	dead
2018-02-08 17:41:25	0996	5	move	dead
2018-02-08 17:41:26	0997	5	bus	dead
2018-02-08 17:41:27	0998	5	bus	dead
2018-02-08 17:41:28	0999	5	move	dead
2018-02-08 17:41:29	1000	5	move	dead
2018-02-08 17:41:30	1001	5	storm	dead
2018-02-08 17:41:31	1002	5	bus	dead
2018-02-08 17:41:32	1003	5	move	dead
2018-02-08 17:41:33	1004	5	move	dead
2018-02-08 17:41:34	1005	5	storm	dead
2018-02-08 17:41:35	1006	5	move	dead
2018-02-08 17:41:36	1007	5	move	dead
2018-02-08 17:41:37	1008	5	move	dead
2018-02-08 17:41:38	1009	5	move	dead
2018-02-08 17:41:39	1010	5	move	dead
2018-02-08 17:41:40	1011	5	move	dead
2018-02-08 17:41:41	1012	5	move	dead
2018-02-08 17:41:42	1013	5	storm	dead
2018-02-08 17:41:43	1014	5	storm	dead
2018-02-08 17:41:44	1015	5	bus	dead
2018-02-08 17:41:45	1016	5	bus	dead
2018-02-08 17:41:46	1017	5	move	dead
2018-02-08 17:41:47	1018	4	storm	dead
2018-02-08 17:41:48	1019	4	move	dead
2018-02-08 17:41:49	1020	4	move	dead
2018-02-08 17:41:50	1021	4	move	dead
2018-02-08 17:41:51	1022	4	move	dead
2018-02-08 17:41:52	1023	4	storm	dead
2018-02-08 17:41:53	1024	4	storm	dead
2018-02-08 17:41:54	1025	4	storm	dead
2018-02-08 17:41:55	1026	4	storm	dead
2018-02-08 17:41:56	1027	4	storm	dead
2018-02-08 17:41:57	1028	4	bus	dead
2018-02-08 17:41:58	1029	4	bus	dead
2018-02-08 17:41:59	1030	4	move	dead
2018-02-08 17:42:00	1031	4	move	dead
2018-02-08 17:42:01	1032	4	move	dead
2018-02-08 17:42:02	1033	4	move	dead
2018-02-08 17:42:03	1034	4	move	dead
2018-02-08 17:42:04	1035	4	move	dead
2018-02-08 17:42:05	1036	4	move	dead
2018-02-08 17:42:06	1037	4	move	dead
2018-02-08 17:42:07	1038	4	move	dead
2018-02-08 17:42:08	1039	4	move	dead
2018-02-08 17:42:09	1040	4	move	dead
2018-02-08 17:42:10	1041	4	move	dead
2018-02-08 17:42:11	1042	4	move	dead
2018-02-08 17:42:12	1043	4	move	dead
2018-02-08 17:42:13	1044	4	move	dead
2018-02-08 17:42:14	1045	4	bus	dead
2018-02-08 17:42:15	1046	4	bus	dead
2018-02-08 17:42:16	1047	4	bus	dead
2018-02-08 17:42:17	1048	4	storm	dead
2018-02-08 17:42:18	1049	4	storm	dead
2018-02-08 17:42:19	1050	4	move	dead
2018-02-08 17:42:20	1051	4	move	dead
2018-02-08 17:42:21	1052	4	move	dead
2018-02-08 17:42:22	1053	4	move	dead
2018-02-08 17:42:23	1054	4	move	dead
2018-02-08 17:42:24	1055	4	move	dead
2018-02-08 17:42:25	1056	4	move	dead
2018-02-08 17:42:26	1057	4	move	dead
2018-02-08 17:42:27	1058	4	move	dead
2018-02-08 17:42:28	1059	4	move	dead
2018-02-08 17:42:29	1060	4	move	dead
2018-02-08 17:42:30	1061	4	move	dead
2018-02-08 17:42:31	1062	4	bus	dead
2018-02-08 17:42:32	1063	4	move	dead
2018-02-08 17:42:33	1064	4	move	dead
2018-02-08 17:42:34	1065	4	storm	dead
2018-02-08 17:42:35	1066	4	storm	dead
2018-02-08 17:42:36	1067	4	move	dead
2018-02-08 17:42:37	1068	4	move	dead
2018-02-08 17:42:38	1069	4	move	dead
2018-02-08 17:42:39	1070	4	move	dead
2018-02-08 17:42:40	1071	4	move	dead
2018-02-08 17:42:41	1072	4	move	dead
2018-02-08 17:42:42	1073	4	move	dead
2018-02-08 17:42:43	1074	4	move	dead
2018-02-08 17:42:44	1075	4	move	dead
2018-02-08 17:42:45	1076	4	bus	dead
2018-02-08 17:42:46	1077	4	bus	dead
2018-02-08 17:42:47	1078	4	bus	dead
2018-02-08 17:42:48	1079	4	move	dead
2018-02-08 17:42:49	1080	4	storm	dead
2018-02-08 17:42:50	1081	4	move	dead
2018-02-08 17:42:51	1082	4	bus	dead
2018-02-08 17:42:52	1083	4	bus	dead
2018-02-08 17:42:53	1084	4	bus	dead
2018-02-08 17:42:54	1085	4	bus	dead
2018-02-08 17:42:55	1086	4	bus	dead
2018-02-08 17:42:56	1087	3	bus	dead
2018-02-08 17:42:57	1088	3	bus	dead
2018-02-08 17:42:58	1089	3	bus	dead
2018-02-08 17:42:59	1090	3	bus	dead
2018-02-08 17:43:00	1091	3	storm	dead
2018-02-08 17:43:01	1092	3	storm	dead
2018-02-08 17:43:02	1093	3	bus	dead
2018-02-08 17:43:03	1094	3	storm	dead
2018-02-08 17:43:04	1095	3	move	dead
2018-02-08 17:43:05	1096	3	move	dead
2018-02-08 17:43:06	1097	3	move	dead
2018-02-08 17:43:07	1098	3	move	dead
2018-02-08 17:43:08	1099	3	move	dead
2018-02-08 17:43:09	1100	3	move	dead
2018-02-08 17:43:10	1101	3	move	dead
2018-02-08 17:43:11	1102	3	move	dead
2018-02-08 17:43:12	1103	3	move	dead
2018-02-08 17:43:13	1104	3	storm	dead
2018-02-08 17:43:14	1105	3	move	dead
2018-02-08 17:43:15	1106	3	bus	dead
2018-02-08 17:43:16	1107	3	move	dead
2018-02-08 17:43:17	1108	3	bus	dead
2018-02-08 17:43:18	1109	3	bus	dead
2018-02-08 17:43:19	1110	3	bus	dead
2018-02-08 17:43:20	1111	3	move	dead
2018-02-08 17:43:21	1112	3	move	dead
2018-02-08 17:43:22	1113	3	bus	dead
2018-02-08 17:43:23	1114	3	bus	dead
2018-02-08 17:43:24	1115	3	bus	dead
2018-02-08 17:43:25	1116	3	bus	dead
2018-02-08 17:43:26	1117	3	bus	dead
2018-02-08 17:43:27	1118	3	bus	dead
2018-02-08 17:43:28	1119	3	bus	dead
2018-02-08 17:43:29	1120	3	move	dead
2018-02-08 17:43:30	1121	3	move	dead
2018-02-08 17:43:31	1122	3	move	dead
2018-02-08 17:43:32	1123	3	move	dead
2018-02-08 17:43:33	1124	3	move	dead
2018-02-08 17:43:34	1125	3	bus	dead
2018-02-08 17:43:35	1126	3	bus	dead
2018-02-08 17:43:36	1127	3	move	dead
2018-02-08 17:43:37	1128	3	bus	dead
2018-02-08 17:43:38	1129	3	bus	dead
2018-02-08 17:43:39	1130	3	move	dead
2018-02-08 17:43:40	1131	3	move	dead
2018-02-08 17:43:41	1132	3	move	dead
2018-02-08 17:43:42	1133	3	move	dead
2018-02-08 17:43:43	1134	3	move	dead
2018-02-08 17:43:44	1135	3	bus	dead
2018-02-08 17:43:45	1136	3	move	dead
2018-02-08 17:43:46	1137	3	move	dead
2018-02-08 17:43:47	1138	3	move	dead
2018-02-08 17:43:48	1139	3	move	dead
2018-02-08 17:43:49	1140	3	move	dead
2018-02-08 17:43:50	1141	3	bus	dead
2018-02-08 17:43:51	1142	3	move	dead
2018-02-08 17:43:52	1143	3	move	dead
2018-02-08 17:43:53	1144	3	move	dead
2018-02-08 17:43:54	1145	3	bus	dead
2018-02-08 17:43:55	1146	3	bus	dead
2018-02-08 17:43:56	1147	3	bus	dead
2018-02-08 17:43:57	1148	3	bus	dead
2018-02-08 17:43:58	1149	3	move	dead
2018-02-08 17:43:59	1150	3	bus	dead
2018-02-08 17:44:00	1151	3	bus	dead
2018-02-08 17:44:01	1152	3	move	dead
2018-02-08 17:44:02	1153	3	move	dead
2018-02-08 17:44:03	1154	3	storm	dead
2018-02-08 17:44:04	1155	3	bus	dead
2018-02-08 17:44:05	1156	3	move	dead
2018-02-08 17:44:06	1157	3	move	dead
2018-02-08 17:44:07	1158	3	move	dead
2018-02-08 17:44:08	1159	3	bus	dead
2018-02-08 17:44:09	1160	3	move	dead
2018-02-08 17:44:10	1161	3	move	dead
2018-02-08 17:44:11	1162	3	move	dead
2018-02-08 17:44:12	1163	3	move	dead
2018-02-08 17:44:13	1164	3	move	dead
2018-02-08 17:44:14	1165	3	move	dead
2018-02-08 17:44:15	1166	3	move	dead
2018-02-08 17:44:16	1167	3	move	dead
2018-02-08 17:44:17	1168	3	move	dead
2018-02-08 17:44:18	1169	3	move	dead
2018-02-08 17:44:19	1170	3	move	dead
2018-02-08 17:44:20	1171	3	move	dead
2018-02-08 17:44:21	1172	3	bus	dead
2018-02-08 17:44:22	1173	3	bus	dead
2018-02-08 17:44:23	1174	3	bus	dead
2018-02-08 17:44:24	1175	3	storm	dead
2018-02-08 17:44:25	1176	3	storm	dead
2018-02-08 17:44:26	1177	3	storm	dead
2018-02-08 17:44:27	1178	3	storm	dead
2018-02-08 17:44:28	1179	3	storm	dead
2018-02-08 17:44:29	1180	3	bus	dead
2018-02-08 17:44:30	1181	3	storm	dead
2018-02-08 17:44:31	1182	3	storm	dead
2018-02-08 17:44:32	1183	3	storm	dead
2018-02-08 17:44:33	1184	3	bus	dead
2018-02-08 17:44:34	1185	3	storm	dead
2018-02-08 17:44:35	1186	3	storm	dead
2018-02-08 17:44:36	1187	3	storm	dead
2018-02-08 17:44:37	1188	3	storm	dead
2018-02-08 17:44:38	1189	3	storm	dead
2018-02-08 17:44:39	1190	3	bus	dead
2018-02-08 17:44:40	1191	3	move	dead
2018-02-08 17:44:41	1192	3	move	dead
2018-02-08 17:44:42	1193	3	move	dead
2018-02-08 17:44:43	1194	3	bus	dead
2018-02-08 17:44:44	1195	3	bus	dead
2018-02-08 17:44:45	1196	3	bus	dead
2018-02-08 17:44:46	1197	3	bus	dead
2018-02-08 17:44:47	1198	3	storm	dead
2018-02-08 17:44:48	1199	3	move	dead
2018-02-08 17:44:49	1200	3	move	dead
2018-02-08 17:44:50	1201	3	move	dead
2018-02-08 17:44:51	1202	3	move	dead
2018-02-08 17:44:52	1203	3	move	dead
2018-02-08 17:44:53	1204	3	move	dead
2018-02-08 17:44:54	1205	3	move	dead
2018-02-08 17:44:55	1206	3	move	dead
2018-02-08 17:44:56	1207	3	move	dead
2018-02-08 17:44:57	1208	3	move	dead
2018-02-08 17:44:58	1209	3	move	dead
2018-02-08 17:44:59	1210	3	move	dead
2018-02-08 17:45:00	1211	3	move	dead
2018-02-08 17:45:01	1212	3	move	dead
2018-02-08 17:45:02	1213	3	move	dead
2018-02-08 17:45:03	1214	3	move	dead
2018-02-08 17:45:04	1215	3	move	dead
2018-02-08 17:45:05	1216	3	move	dead
2018-02-08 17:45:06	1217	3	move	dead
2018-02-08 17:45:07	1218	3	move	dead
2018-02-08 17:45:08	1219	3	move	dead
2018-02-08 17:45:09	1220	3	move	dead
2018-02-08 17:45:10	1221	3	move	dead
2018-02-08 17:45:11	1222	3	move	dead
2018-02-08 17:45:12	1223	3	move	dead
2018-02-08 17:45:13	1224	3	move	dead
2018-02-08 17:45:14	1225	3	move	dead
2018-02-08 17:45:15	1226	3	move	dead
2018-02-08 17:45:16	1227	3	move	dead
2018-02-08 17:45:17	1228	3	move	dead
2018-02-08 17:45:18	1229	3	move	dead
2018-02-08 17:45:19	1230	3	move	dead
2018-02-08 17:45:20	1231	3	move	dead
2018-02-08 17:45:21	1232	3	bus	dead
2018-02-08 17:45:22	1233	3	move	dead
2018-02-08 17:45:23	1234	3	move	dead
2018-02-08 17:45:24	1235	3	move	dead
2018-02-08 17:45:25	1236	3	move	dead
2018-02-08 17:45:26	1237	3	move	dead
2018-02-08 17:45:27	1238	3	move	dead
2018-02-08 17:45:28	1239	3	move	dead
2018-02-08 17:45:29	1240	3	move	dead
2018-02-08 17:45:30	1241	3	move	dead
2018-02-08 17:45:31	1242	3	move	dead
2018-02-08 17:45:32	1243	3	move	dead
2018-02-08 17:45:33	1244	3	move	dead
2018-02-08 17:45:34	1245	3	move	dead
2018-02-08 17:45:35	1246	3	move	dead
2018-02-08 17:45:36	1247	3	move	dead
2018-02-08 17:45:37	1248	3	move	dead
2018-02-08 17:45:38	1249	3	bus	dead
2018-02-08 17:45:39	1250	3	move	dead
2018-02-08 17:45:40	1251	3	move	dead
2018-02-08 17:45:41	1252	3	storm	dead
2018-02-08 17:45:42	1253	3	bus	dead
2018-02-08 17:45:43	1254	3	move	dead
2018-02-08 17:45:44	1255	3	bus	dead
2018-02-08 17:45:45	1256	3	storm	dead
2018-02-08 17:45:46	1257	3	bus	dead
2018-02-08 17:45:47	1258	3	storm	dead
2018-02-08 17:45:48	1259	3	move	dead
2018-02-08 17:45:49	1260	3	move	dead
2018-02-08 17:45:50	1261	3	move	dead
2018-02-08 17:45:51	1262	3	bus	dead
2018-02-08 17:45:52	1263	3	bus	dead
2018-02-08 17:45:53	1264	3	bus	dead
2018-02-08 17:45:54	1265	3	bus	dead
2018-02-08 17:45:55	1266	3	bus	dead
2018-02-08 17:45:56	1267	3	bus	dead
2018-02-08 17:45:57	1268	3	move	dead
2018-02-08 17:45:58	1269	3	move	dead
2018-02-08 17:45:59	1270	3	move	dead
2018-02-08 17:46:00	1271	3	move	dead
2018-02-08 17:46:01	1272	3	move	dead
2018-02-08 17:46:02	1273	3	move	dead
2018-02-08 17:46:03	1274	3	move	dead
2018-02-08 17:46:04	1275	3	move	dead
2018-02-08 17:46:05	1276	3	move	dead
2018-02-08 17:46:06	1277	3	move	dead
2018-02-08 17:46:07	1278	3	move	dead
2018-02-08 17:46:08	1279	3	move	dead
2018-02-08 17:46:09	1280	3	move	dead
2018-02-08 17:46:10	1281	3	bus	dead
2018-02-08 17:46:11	1282	3	bus	dead
2018-02-08 17:46:12	1283	3	bus	dead
2018-02-08 17:46:13	1284	3	bus	dead
2018-02-08 17:46:14	1285	3	bus	dead
2018-02-08 17:46:15	1286	3	move	dead
2018-02-08 17:46:16	1287	3	bus	dead
2018-02-08 17:46:17	1288	3	bus	dead
2018-02-08 17:46:18	1289	3	bus	dead
2018-02-08 17:46:19	1290	3	bus	dead
2018-02-08 17:46:20	1291	3	bus	dead
2018-02-08 17:46:21	1292	3	bus	dead
2018-02-08 17:46:22	1293	3	bus	dead
2018-02-08 17:46:23	1294	3	move	dead
2018-02-08 17:46:24	1295	3	bus	dead
2018-02-08 17:46:25	1296	3	move	dead
2018-02-08 17:46:26	1297	3	move	dead
2018-02-08 17:46:27	1298	3	move	dead
2018-02-08 17:46:28	1299	3	move	dead
2018-02-08 17:46:29	1300	3	move	dead
2018-02-08 17:46:30	1301	3	move	dead
2018-02-08 17:46:31	1302	3	move	dead
2018-02-08 17:46:32	1303	3	bus	dead
2018-02-08 17:46:33	1304	3	bus	dead
2018-02-08 17:46:34	1305	3	bus	dead
2018-02-08 17:46:35	1306	3	bus	dead
2018-02-08 17:46:36	1307	3	bus	dead
2018-02-08 17:46:37	1308	3	bus	dead
2018-02-08 17:46:38	1309	3	bus	dead
2018-02-08 17:46:39	1310	3	move	dead
2018-02-08 17:46:40	1311	3	move	dead
2018-02-08 17:46:41	1312	3	storm	dead
2018-02-08 17:46:42	1313	3	bus	dead
2018-02-08 17:46:43	1314	3	bus	dead
2018-02-08 17:46:44	1315	3	bus	dead
2018-02-08 17:46:45	1316	3	bus	dead
2018-02-08 17:46:46	1317		move	dead
2018-02-08 17:46:47	1318	3	bus	dead
2018-02-08 17:46:48	1319	3	bus	dead
2018-02-08 17:46:49	1320	3	bus	dead
2018-02-08 17:46:50	1321	3	bus	dead
2018-02-08 17:46:51	1322	3	bus	dead
2018-02-08 17:46:52	1323	3	bus	dead
2018-02-08 17:46:53	1324	3	bus	dead
2018-02-08 17:46:54	1325	3	bus	dead
2018-02-08 17:46:55	1326	3	bus	dead
2018-02-08 17:46:56	1327	3	bus	dead
2018-02-08 17:46:57	1328	3	bus	dead
2018-02-08 17:46:58	1329	3	bus	dead
2018-02-08 17:46:59	1330	3	bus	dead
2018-02-08 17:47:00	1331	3	bus	dead
2018-02-08 17:47:01	1332	3	bus	dead
2018-02-08 17:47:02	1333	3	bus	dead
2018-02-08 17:47:03	1334	3	bus	dead
2018-02-08 17:47:04	1335	3	bus	dead
2018-02-08 17:47:05	1336	3	bus	dead
2018-02-08 17:47:06	1337	3	move	dead
2018-02-08 17:47:07	1338	3	move	dead
2018-02-08 17:47:08	1339	3	move	dead
2018-02-08 17:47:09	1340	3	move	dead
2018-02-08 17:47:10	1341	3	move	dead
2018-02-08 17:47:11	1342	3	move	dead
2018-02-08 17:47:12	1343	3	move	dead
2018-02-08 17:47:13	1344	3	move	dead
2018-02-08 17:47:14	1345	3	move	dead
2018-02-08 17:47:15	1346	3	move	dead
2018-02-08 17:47:16	1347	3	storm	dead
2018-02-08 17:47:17	1348	3	storm	dead
2018-02-08 17:47:18	1349	3	storm	dead
2018-02-08 17:47:19	1350	3	storm	dead
2018-02-08 17:47:20	1351	2	storm	dead
2018-02-08 17:47:21	1352	2	move	dead
2018-02-08 17:47:22	1353	2	move	dead
2018-02-08 17:47:23	1354	2	bus	dead
2018-02-08 17:47:24	1355	2	move	dead
2018-02-08 17:47:25	1356	2	move	dead
2018-02-08 17:47:26	1357	2	move	dead
2018-02-08 17:47:27	1358	2	move	dead
2018-02-08 17:47:28	1359	2	move	dead
2018-02-08 17:47:29	1360	2	storm	dead
2018-02-08 17:47:30	1361	2	bus	dead
2018-02-08 17:47:31	1362	2	bus	dead
2018-02-08 17:47:32	1363	2	bus	dead
2018-02-08 17:47:33	1364	2	storm	dead
2018-02-08 17:47:34	1365	2	bus	dead
2018-02-08 17:47:35	1366	1	jump	dead
2018-02-08 17:47:36	1367	1	jump	dead
2018-02-08 17:47:37	1368	1	jump	dead
2018-02-08 17:47:38	1369	1	jump	dead
2018-02-08 17:47:39	1370	1	jump	dead
2018-02-08 17:47:40	1371	1	jump	dead
2018-02-08 17:47:41	1372	1	jump	dead
2018-02-08 17:47:42	1373	1	jump	dead
2018-02-08 17:47:43	1374	1	jump	dead
2018-02-08 17:47:44	1375	1	jump	dead
2018-02-08 17:47:45	1376		jump	dead
2018-02-08 17:47:46	1377	1	jump	dead
2018-02-08 17:47:47	1378	1	jump	dead
2018-02-08 17:47:48	1379		jump	dead
2018-02-08 17:47:49	1380		jump	dead
2018-02-08 17:47:50	1381		jump	dead
2018-02-08 17:47:51	1382		jump	dead
2018-02-08 17:47:52	1383		jump	dead
